{"level":"info","message":"Server is running at http://localhost:8000","service":"user-service"}
{"level":"info","message":"Login initiated","returnTo":"http://localhost:8000/","service":"auth-service"}
{"level":"warn","message":"User not authenticated, redirecting to login","service":"auth-service"}
{"level":"info","message":"Login initiated","returnTo":"/","service":"auth-service"}
{"level":"warn","message":"User not authenticated, redirecting to login","service":"auth-service"}
{"level":"info","message":"Login initiated","returnTo":"/","service":"auth-service"}
{"level":"info","message":"Server is running at http://localhost:8000","service":"user-service"}
{"level":"info","message":"Login initiated","returnTo":"http://localhost:8000/","service":"auth-service"}
{"level":"info","message":"New user logged in","service":"auth-service","user":{"_json":{"email":"promiseokoroji@gmail.com","email_verified":true,"family_name":"Okoroji","given_name":"Promise Ebere","locale":"en","name":"Promise Ebere Okoroji","nickname":"promiseokoroji","picture":"https://lh3.googleusercontent.com/a/ACg8ocLUxEjRwHriWt9fsbm4T3GBmZVlvB9NHH2jTJwUuBxnqUzLMSQA=s96-c","sub":"google-oauth2|117680240846836452996","updated_at":"2024-06-05T02:13:49.213Z"},"_raw":"{\"sub\":\"google-oauth2|117680240846836452996\",\"email\":\"promiseokoroji@gmail.com\",\"email_verified\":true,\"given_name\":\"Promise Ebere\",\"family_name\":\"Okoroji\",\"nickname\":\"promiseokoroji\",\"name\":\"Promise Ebere Okoroji\",\"picture\":\"https://lh3.googleusercontent.com/a/ACg8ocLUxEjRwHriWt9fsbm4T3GBmZVlvB9NHH2jTJwUuBxnqUzLMSQA=s96-c\",\"locale\":\"en\",\"updated_at\":\"2024-06-05T02:13:49.213Z\"}","displayName":"Promise Ebere Okoroji","emails":[{"value":"promiseokoroji@gmail.com"}],"id":"google-oauth2|117680240846836452996","locale":"en","name":{"familyName":"Okoroji","givenName":"Promise Ebere"},"nickname":"promiseokoroji","picture":"https://lh3.googleusercontent.com/a/ACg8ocLUxEjRwHriWt9fsbm4T3GBmZVlvB9NHH2jTJwUuBxnqUzLMSQA=s96-c","provider":"google-oauth2","user_id":"google-oauth2|117680240846836452996"}}
{"level":"info","message":"Server is running at http://localhost:8000","service":"user-service"}
{"level":"info","logoutURL":"https://dev-tzs0lx7nwyjjwvxb.us.auth0.com/v2/logout?client_id=F4p34yWvApnvt5Zc7Qqz20jxYPgw8jZN&returnTo=http%3A%2F%2Flocalhost","message":"User logged out","service":"auth-service"}
{"level":"info","message":"Server is running at http://localhost:8000","service":"user-service"}
{"level":"info","message":"Login initiated","returnTo":"http://localhost:8000/","service":"auth-service"}
{"level":"info","message":"New user logged in","service":"auth-service","user":{"_json":{"email":"promiseokoroji@gmail.com","email_verified":true,"family_name":"Okoroji","given_name":"Promise Ebere","locale":"en","name":"Promise Ebere Okoroji","nickname":"promiseokoroji","picture":"https://lh3.googleusercontent.com/a/ACg8ocLUxEjRwHriWt9fsbm4T3GBmZVlvB9NHH2jTJwUuBxnqUzLMSQA=s96-c","sub":"google-oauth2|117680240846836452996","updated_at":"2024-06-05T02:35:52.080Z"},"_raw":"{\"sub\":\"google-oauth2|117680240846836452996\",\"email\":\"promiseokoroji@gmail.com\",\"email_verified\":true,\"given_name\":\"Promise Ebere\",\"family_name\":\"Okoroji\",\"nickname\":\"promiseokoroji\",\"name\":\"Promise Ebere Okoroji\",\"picture\":\"https://lh3.googleusercontent.com/a/ACg8ocLUxEjRwHriWt9fsbm4T3GBmZVlvB9NHH2jTJwUuBxnqUzLMSQA=s96-c\",\"locale\":\"en\",\"updated_at\":\"2024-06-05T02:35:52.080Z\"}","displayName":"Promise Ebere Okoroji","emails":[{"value":"promiseokoroji@gmail.com"}],"id":"google-oauth2|117680240846836452996","locale":"en","name":{"familyName":"Okoroji","givenName":"Promise Ebere"},"nickname":"promiseokoroji","picture":"https://lh3.googleusercontent.com/a/ACg8ocLUxEjRwHriWt9fsbm4T3GBmZVlvB9NHH2jTJwUuBxnqUzLMSQA=s96-c","provider":"google-oauth2","user_id":"google-oauth2|117680240846836452996"}}
{"level":"info","logoutURL":"https://dev-tzs0lx7nwyjjwvxb.us.auth0.com/v2/logout?client_id=F4p34yWvApnvt5Zc7Qqz20jxYPgw8jZN&returnTo=http%3A%2F%2Flocalhost%3A8000%2F","message":"User logged out","service":"auth-service"}
{"level":"info","message":"Server is running at http://localhost:8000","service":"user-service"}
{"level":"info","message":"Login initiated","returnTo":"http://localhost:8000/","service":"auth-service"}
{"error":{},"level":"error","message":"500 error - Internal Server Error","service":"user-service"}
{"error":{},"level":"error","message":"500 error - Internal Server Error","service":"user-service"}
{"level":"info","message":"Server is running at http://localhost:8000","service":"user-service"}
{"level":"info","message":"Server is running at http://localhost:8000","service":"user-service"}
{"level":"info","message":"Server is running at http://localhost:8000","service":"user-service"}
{"level":"info","message":"Server is running at http://localhost:8000","service":"user-service"}
{"level":"info","message":"Login initiated","returnTo":"http://localhost:8000/","service":"auth-service"}
{"error":{},"level":"error","message":"500 error - Internal Server Error","service":"user-service"}
{"error":{},"level":"error","message":"500 error - Internal Server Error","service":"user-service"}
{"level":"info","message":"Server is running at http://localhost:8000","service":"user-service","timestamp":"2024-07-19T20:45:41.971Z"}
{"level":"info","message":"Server is running at http://localhost:8000","service":"user-service","timestamp":"2024-07-19T20:45:50.267Z"}
{"level":"info","message":"Server is running at http://localhost:8000","service":"user-service","timestamp":"2024-07-19T20:46:11.588Z"}
{"error":{},"level":"error","message":"500 error - Internal Server Error Connection terminated unexpectedly","service":"user-service","stack":"Error: Connection terminated unexpectedly\n    at C:\\Users\\promi\\OneDrive\\Desktop\\Resume\\node_modules\\.pnpm\\pg-pool@3.6.1_pg@8.11.3\\node_modules\\pg-pool\\index.js:45:11\n    at process.processTicksAndRejections (node:internal/process/task_queues:95:5)\n    at async PGStore._asyncQuery (C:\\Users\\promi\\OneDrive\\Desktop\\Resume\\node_modules\\.pnpm\\connect-pg-simple@9.0.1\\node_modules\\connect-pg-simple\\index.js:321:21)\n    at async PGStore._rawEnsureSessionStoreTable (C:\\Users\\promi\\OneDrive\\Desktop\\Resume\\node_modules\\.pnpm\\connect-pg-simple@9.0.1\\node_modules\\connect-pg-simple\\index.js:176:19)\n    at async PGStore._asyncQuery (C:\\Users\\promi\\OneDrive\\Desktop\\Resume\\node_modules\\.pnpm\\connect-pg-simple@9.0.1\\node_modules\\connect-pg-simple\\index.js:314:7)","timestamp":"2024-07-19T20:46:28.590Z"}
{"level":"info","message":"Login initiated","returnTo":"http://localhost:8000/","service":"auth-service"}
{"error":{},"level":"error","message":"500 error - Internal Server Error Connection terminated unexpectedly","service":"user-service","stack":"Error: Connection terminated unexpectedly\n    at C:\\Users\\promi\\OneDrive\\Desktop\\Resume\\node_modules\\.pnpm\\pg-pool@3.6.1_pg@8.11.3\\node_modules\\pg-pool\\index.js:45:11\n    at process.processTicksAndRejections (node:internal/process/task_queues:95:5)\n    at async PGStore._asyncQuery (C:\\Users\\promi\\OneDrive\\Desktop\\Resume\\node_modules\\.pnpm\\connect-pg-simple@9.0.1\\node_modules\\connect-pg-simple\\index.js:321:21)\n    at async PGStore._rawEnsureSessionStoreTable (C:\\Users\\promi\\OneDrive\\Desktop\\Resume\\node_modules\\.pnpm\\connect-pg-simple@9.0.1\\node_modules\\connect-pg-simple\\index.js:176:19)\n    at async PGStore._asyncQuery (C:\\Users\\promi\\OneDrive\\Desktop\\Resume\\node_modules\\.pnpm\\connect-pg-simple@9.0.1\\node_modules\\connect-pg-simple\\index.js:314:7)","timestamp":"2024-07-19T21:21:08.936Z"}
{"level":"info","message":"Server is running at http://localhost:8000","service":"user-service","timestamp":"2024-07-19T21:21:50.783Z"}
{"level":"info","message":"Login initiated","returnTo":"http://localhost:8000/","service":"auth-service"}
{"level":"info","message":"New user logged in","service":"auth-service","user":{"_json":{"email":"promiseokoroji@gmail.com","email_verified":true,"family_name":"Okoroji","given_name":"Promise Ebere","name":"Promise Ebere Okoroji","nickname":"promiseokoroji","picture":"https://lh3.googleusercontent.com/a/ACg8ocLUxEjRwHriWt9fsbm4T3GBmZVlvB9NHH2jTJwUuBxnqUzLMSQA=s96-c","sub":"google-oauth2|117680240846836452996","updated_at":"2024-07-19T21:23:09.597Z"},"_raw":"{\"sub\":\"google-oauth2|117680240846836452996\",\"email\":\"promiseokoroji@gmail.com\",\"email_verified\":true,\"given_name\":\"Promise Ebere\",\"family_name\":\"Okoroji\",\"nickname\":\"promiseokoroji\",\"name\":\"Promise Ebere Okoroji\",\"picture\":\"https://lh3.googleusercontent.com/a/ACg8ocLUxEjRwHriWt9fsbm4T3GBmZVlvB9NHH2jTJwUuBxnqUzLMSQA=s96-c\",\"updated_at\":\"2024-07-19T21:23:09.597Z\"}","displayName":"Promise Ebere Okoroji","emails":[{"value":"promiseokoroji@gmail.com"}],"id":"google-oauth2|117680240846836452996","name":{"familyName":"Okoroji","givenName":"Promise Ebere"},"nickname":"promiseokoroji","picture":"https://lh3.googleusercontent.com/a/ACg8ocLUxEjRwHriWt9fsbm4T3GBmZVlvB9NHH2jTJwUuBxnqUzLMSQA=s96-c","provider":"google-oauth2","user_id":"google-oauth2|117680240846836452996"}}
{"level":"info","logoutURL":"https://dev-tzs0lx7nwyjjwvxb.us.auth0.com/v2/logout?client_id=F4p34yWvApnvt5Zc7Qqz20jxYPgw8jZN&returnTo=http%3A%2F%2Flocalhost%3A8000%2F","message":"User logged out","service":"auth-service"}
{"level":"info","message":"Server is running at http://localhost:8000","service":"user-service","timestamp":"2024-07-19T22:00:08.017Z"}
{"level":"info","message":"Login initiated","returnTo":"http://localhost:8000/","service":"auth-service"}
{"level":"info","message":"New user logged in","service":"auth-service","user":{"_json":{"email":"promiseokoroji@gmail.com","email_verified":true,"family_name":"Okoroji","given_name":"Promise Ebere","name":"Promise Ebere Okoroji","nickname":"promiseokoroji","picture":"https://lh3.googleusercontent.com/a/ACg8ocLUxEjRwHriWt9fsbm4T3GBmZVlvB9NHH2jTJwUuBxnqUzLMSQA=s96-c","sub":"google-oauth2|117680240846836452996","updated_at":"2024-07-19T22:08:15.945Z"},"_raw":"{\"sub\":\"google-oauth2|117680240846836452996\",\"email\":\"promiseokoroji@gmail.com\",\"email_verified\":true,\"given_name\":\"Promise Ebere\",\"family_name\":\"Okoroji\",\"nickname\":\"promiseokoroji\",\"name\":\"Promise Ebere Okoroji\",\"picture\":\"https://lh3.googleusercontent.com/a/ACg8ocLUxEjRwHriWt9fsbm4T3GBmZVlvB9NHH2jTJwUuBxnqUzLMSQA=s96-c\",\"updated_at\":\"2024-07-19T22:08:15.945Z\"}","displayName":"Promise Ebere Okoroji","emails":[{"value":"promiseokoroji@gmail.com"}],"id":"google-oauth2|117680240846836452996","name":{"familyName":"Okoroji","givenName":"Promise Ebere"},"nickname":"promiseokoroji","picture":"https://lh3.googleusercontent.com/a/ACg8ocLUxEjRwHriWt9fsbm4T3GBmZVlvB9NHH2jTJwUuBxnqUzLMSQA=s96-c","provider":"google-oauth2","user_id":"google-oauth2|117680240846836452996"}}
{"level":"warn","message":"404 error - Not Found","service":"user-service","timestamp":"2024-07-19T22:13:44.067Z","url":"/mentorship/my-project"}
{"level":"warn","message":"404 error - Not Found","service":"user-service","timestamp":"2024-07-19T22:13:48.633Z","url":"/mentorship/my-projects"}
{"level":"warn","message":"404 error - Not Found","service":"user-service","timestamp":"2024-07-19T22:24:24.001Z","url":"/user-account/GitPromise"}
{"level":"warn","message":"404 error - Not Found","service":"user-service","timestamp":"2024-07-19T22:24:40.794Z","url":"/user-account/GitPromise"}
{"level":"info","logoutURL":"https://dev-tzs0lx7nwyjjwvxb.us.auth0.com/v2/logout?client_id=F4p34yWvApnvt5Zc7Qqz20jxYPgw8jZN&returnTo=http%3A%2F%2Flocalhost%3A8000%2F","message":"User logged out","service":"auth-service"}
{"level":"info","message":"Login initiated","returnTo":"http://localhost:8000/","service":"auth-service"}
{"level":"info","message":"Login initiated","returnTo":"http://localhost:8000/","service":"auth-service"}
{"level":"info","message":"Login initiated","returnTo":"http://localhost:8000/","service":"auth-service"}
{"level":"info","message":"Login initiated","returnTo":"http://localhost:8000/help/contact-us","service":"auth-service"}
{"level":"info","message":"Server is running at http://localhost:8000","service":"user-service","timestamp":"2024-07-24T22:36:01.872Z"}
{"level":"info","message":"Server is running at http://localhost:8000","service":"user-service","timestamp":"2024-07-24T22:55:15.651Z"}
{"level":"info","message":"Server is running at http://localhost:8000","service":"user-service","timestamp":"2024-07-24T22:57:54.064Z"}
{"level":"info","message":"Server is running at http://localhost:8000","service":"user-service","timestamp":"2024-07-24T23:16:59.266Z"}
{"level":"info","message":"Server is running at http://localhost:8000","service":"user-service","timestamp":"2024-07-24T23:17:42.123Z"}
{"level":"info","message":"Server is running at http://localhost:8000","service":"user-service","timestamp":"2024-07-24T23:17:44.099Z"}
{"level":"info","message":"Server is running at http://localhost:8000","service":"user-service","timestamp":"2024-07-24T23:20:15.387Z"}
{"level":"info","message":"Server is running at http://localhost:8000","service":"user-service","timestamp":"2024-07-24T23:20:17.503Z"}
{"level":"info","message":"Server is running at http://localhost:8000","service":"user-service","timestamp":"2024-07-24T23:20:22.250Z"}
{"level":"info","message":"Server is running at http://localhost:8000","service":"user-service","timestamp":"2024-07-24T23:20:38.380Z"}
{"level":"info","message":"Server is running at http://localhost:8000","service":"user-service","timestamp":"2024-07-24T23:20:54.104Z"}
{"level":"info","message":"Server is running at http://localhost:8000","service":"user-service","timestamp":"2024-07-24T23:20:55.555Z"}
{"level":"info","message":"Server is running at http://localhost:8000","service":"user-service","timestamp":"2024-07-24T23:20:57.673Z"}
{"level":"info","message":"Server is running at http://localhost:8000","service":"user-service","timestamp":"2024-07-24T23:21:03.290Z"}
{"level":"info","message":"Server is running at http://localhost:8000","service":"user-service","timestamp":"2024-07-24T23:26:06.254Z"}
{"level":"info","message":"Server is running at http://localhost:8000","service":"user-service","timestamp":"2024-07-24T23:26:09.365Z"}
{"level":"info","message":"Server is running at http://localhost:8000","service":"user-service","timestamp":"2024-07-24T23:26:11.915Z"}
{"level":"info","message":"Server is running at http://localhost:8000","service":"user-service","timestamp":"2024-07-24T23:26:15.316Z"}
{"level":"info","message":"Server is running at http://localhost:8000","service":"user-service","timestamp":"2024-07-24T23:28:21.370Z"}
{"level":"info","message":"Server is running at http://localhost:8000","service":"user-service","timestamp":"2024-07-24T23:29:54.007Z"}
{"level":"info","message":"Server is running at http://localhost:8000","service":"user-service","timestamp":"2024-07-24T23:33:18.719Z"}
{"level":"info","message":"Server is running at http://localhost:8000","service":"user-service","timestamp":"2024-07-24T23:33:21.243Z"}
{"level":"info","message":"Server is running at http://localhost:8000","service":"user-service","timestamp":"2024-07-24T23:33:36.911Z"}
{"level":"info","message":"Server is running at http://localhost:8000","service":"user-service","timestamp":"2024-07-24T23:34:06.078Z"}
{"level":"info","message":"Server is running at http://localhost:8000","service":"user-service","timestamp":"2024-07-24T23:49:05.803Z"}
{"level":"info","message":"Server is running at http://localhost:8000","service":"user-service","timestamp":"2024-07-24T23:49:23.528Z"}
{"level":"info","message":"Server is running at http://localhost:8000","service":"user-service","timestamp":"2024-07-24T23:49:26.288Z"}
{"level":"info","message":"Server is running at http://localhost:8000","service":"user-service","timestamp":"2024-07-24T23:49:34.224Z"}
{"level":"info","message":"Server is running at http://localhost:8000","service":"user-service","timestamp":"2024-07-24T23:49:36.523Z"}
{"level":"info","message":"Server is running at http://localhost:8000","service":"user-service","timestamp":"2024-07-24T23:49:48.052Z"}
{"level":"info","message":"Server is running at http://localhost:8000","service":"user-service","timestamp":"2024-07-24T23:49:53.932Z"}
{"level":"info","message":"Server is running at http://localhost:8000","service":"user-service","timestamp":"2024-07-24T23:50:19.576Z"}
{"level":"info","message":"Server is running at http://localhost:8000","service":"user-service","timestamp":"2024-07-24T23:57:54.862Z"}
{"level":"info","message":"Server is running at http://localhost:8000","service":"user-service","timestamp":"2024-07-24T23:57:58.519Z"}
{"level":"info","message":"Server is running at http://localhost:8000","service":"user-service","timestamp":"2024-07-24T23:58:21.969Z"}
{"level":"info","message":"Server is running at http://localhost:8000","service":"user-service","timestamp":"2024-07-24T23:58:39.067Z"}
{"level":"info","message":"Server is running at http://localhost:8000","service":"user-service","timestamp":"2024-07-24T23:58:40.194Z"}
{"level":"info","message":"Server is running at http://localhost:8000","service":"user-service","timestamp":"2024-07-24T23:58:48.222Z"}
{"level":"info","message":"Server is running at http://localhost:8000","service":"user-service","timestamp":"2024-07-24T23:58:51.288Z"}
{"level":"info","message":"Server is running at http://localhost:8000","service":"user-service","timestamp":"2024-07-24T23:59:31.690Z"}
{"level":"info","message":"Server is running at http://localhost:8000","service":"user-service","timestamp":"2024-07-24T23:59:49.137Z"}
{"level":"info","message":"Server is running at http://localhost:8000","service":"user-service","timestamp":"2024-07-24T23:59:52.748Z"}
{"level":"info","message":"Server is running at http://localhost:8000","service":"user-service","timestamp":"2024-07-25T00:00:12.982Z"}
{"level":"info","message":"Server is running at http://localhost:8000","service":"user-service","timestamp":"2024-07-25T00:00:32.331Z"}
{"level":"info","message":"Server is running at http://localhost:8000","service":"user-service","timestamp":"2024-07-25T00:00:51.932Z"}
{"level":"info","message":"Server is running at http://localhost:8000","service":"user-service","timestamp":"2024-07-25T00:00:57.401Z"}
{"level":"info","message":"Server is running at http://localhost:8000","service":"user-service","timestamp":"2024-07-25T00:01:03.725Z"}
{"level":"info","message":"Server is running at http://localhost:8000","service":"user-service","timestamp":"2024-07-25T00:01:06.958Z"}
{"level":"info","message":"Server is running at http://localhost:8000","service":"user-service","timestamp":"2024-07-25T00:01:12.429Z"}
{"level":"info","message":"Server is running at http://localhost:8000","service":"user-service","timestamp":"2024-07-25T00:01:15.120Z"}
{"level":"info","message":"Server is running at http://localhost:8000","service":"user-service","timestamp":"2024-07-25T00:01:16.305Z"}
{"level":"info","message":"Server is running at http://localhost:8000","service":"user-service","timestamp":"2024-07-25T00:01:20.632Z"}
{"level":"info","message":"Server is running at http://localhost:8000","service":"user-service","timestamp":"2024-07-25T00:01:22.617Z"}
{"level":"info","message":"Server is running at http://localhost:8000","service":"user-service","timestamp":"2024-07-25T00:01:25.086Z"}
{"level":"info","message":"Server is running at http://localhost:8000","service":"user-service","timestamp":"2024-07-25T00:01:28.594Z"}
{"level":"info","message":"Server is running at http://localhost:8000","service":"user-service","timestamp":"2024-07-25T00:01:33.912Z"}
{"level":"info","message":"Server is running at http://localhost:8000","service":"user-service","timestamp":"2024-07-25T00:02:25.605Z"}
{"level":"info","message":"Server is running at http://localhost:8000","service":"user-service","timestamp":"2024-07-25T00:02:37.153Z"}
{"level":"info","message":"Server is running at http://localhost:8000","service":"user-service","timestamp":"2024-07-25T00:05:51.957Z"}
{"level":"info","message":"Server is running at http://localhost:8000","service":"user-service","timestamp":"2024-07-25T00:05:54.097Z"}
{"level":"info","message":"Server is running at http://localhost:8000","service":"user-service","timestamp":"2024-07-25T00:05:57.567Z"}
{"level":"info","message":"Server is running at http://localhost:8000","service":"user-service","timestamp":"2024-07-25T00:05:58.658Z"}
{"level":"info","message":"Server is running at http://localhost:8000","service":"user-service","timestamp":"2024-07-25T00:06:04.308Z"}
{"level":"warn","message":"404 error - Not Found","service":"user-service","timestamp":"2024-07-25T00:06:50.447Z","url":"/favicon.ico"}
{"level":"info","message":"Login initiated","returnTo":"http://localhost:8000/profile/individual/promiseokoroji","service":"auth-service"}
{"level":"info","message":"Login initiated","returnTo":"http://localhost:8000/","service":"auth-service"}
{"level":"info","message":"Existing user logged in","service":"auth-service","user":{"_json":{"email":"promiseokoroji@gmail.com","email_verified":true,"family_name":"Okoroji","given_name":"Promise Ebere","name":"Promise Ebere Okoroji","nickname":"promiseokoroji","picture":"https://lh3.googleusercontent.com/a/ACg8ocLUxEjRwHriWt9fsbm4T3GBmZVlvB9NHH2jTJwUuBxnqUzLMSQA=s96-c","sub":"google-oauth2|117680240846836452996","updated_at":"2024-07-25T00:09:57.593Z"},"_raw":"{\"sub\":\"google-oauth2|117680240846836452996\",\"email\":\"promiseokoroji@gmail.com\",\"email_verified\":true,\"given_name\":\"Promise Ebere\",\"family_name\":\"Okoroji\",\"nickname\":\"promiseokoroji\",\"name\":\"Promise Ebere Okoroji\",\"picture\":\"https://lh3.googleusercontent.com/a/ACg8ocLUxEjRwHriWt9fsbm4T3GBmZVlvB9NHH2jTJwUuBxnqUzLMSQA=s96-c\",\"updated_at\":\"2024-07-25T00:09:57.593Z\"}","displayName":"Promise Ebere Okoroji","emails":[{"value":"promiseokoroji@gmail.com"}],"id":"google-oauth2|117680240846836452996","name":{"familyName":"Okoroji","givenName":"Promise Ebere"},"nickname":"promiseokoroji","picture":"https://lh3.googleusercontent.com/a/ACg8ocLUxEjRwHriWt9fsbm4T3GBmZVlvB9NHH2jTJwUuBxnqUzLMSQA=s96-c","provider":"google-oauth2","user_id":"google-oauth2|117680240846836452996"}}
{"level":"info","message":"Server is running at http://localhost:8000","service":"user-service","timestamp":"2024-07-25T00:24:59.144Z"}
{"level":"info","message":"Server is running at http://localhost:8000","service":"user-service","timestamp":"2024-07-25T00:25:00.050Z"}
{"level":"info","message":"Server is running at http://localhost:8000","service":"user-service","timestamp":"2024-07-25T00:39:50.330Z"}
{"level":"info","message":"Server is running at http://localhost:8000","service":"user-service","timestamp":"2024-07-25T00:39:52.332Z"}
{"level":"info","message":"Login initiated","returnTo":"http://localhost:8000/profile/individual/promiseokoroji","service":"auth-service"}
{"level":"info","message":"Existing user logged in","service":"auth-service","user":{"_json":{"email":"promiseokoroji@gmail.com","email_verified":true,"family_name":"Okoroji","given_name":"Promise Ebere","name":"Promise Ebere Okoroji","nickname":"promiseokoroji","picture":"https://lh3.googleusercontent.com/a/ACg8ocLUxEjRwHriWt9fsbm4T3GBmZVlvB9NHH2jTJwUuBxnqUzLMSQA=s96-c","sub":"google-oauth2|117680240846836452996","updated_at":"2024-07-25T00:41:19.594Z"},"_raw":"{\"sub\":\"google-oauth2|117680240846836452996\",\"email\":\"promiseokoroji@gmail.com\",\"email_verified\":true,\"given_name\":\"Promise Ebere\",\"family_name\":\"Okoroji\",\"nickname\":\"promiseokoroji\",\"name\":\"Promise Ebere Okoroji\",\"picture\":\"https://lh3.googleusercontent.com/a/ACg8ocLUxEjRwHriWt9fsbm4T3GBmZVlvB9NHH2jTJwUuBxnqUzLMSQA=s96-c\",\"updated_at\":\"2024-07-25T00:41:19.594Z\"}","displayName":"Promise Ebere Okoroji","emails":[{"value":"promiseokoroji@gmail.com"}],"id":"google-oauth2|117680240846836452996","name":{"familyName":"Okoroji","givenName":"Promise Ebere"},"nickname":"promiseokoroji","picture":"https://lh3.googleusercontent.com/a/ACg8ocLUxEjRwHriWt9fsbm4T3GBmZVlvB9NHH2jTJwUuBxnqUzLMSQA=s96-c","provider":"google-oauth2","user_id":"google-oauth2|117680240846836452996"}}
{"level":"info","message":"Login initiated","returnTo":"http://localhost:8000/heWhoShallNotBeNamed/project","service":"auth-service"}
{"level":"info","message":"Existing user logged in","service":"auth-service","user":{"_json":{"email":"promiseokoroji@gmail.com","email_verified":true,"family_name":"Okoroji","given_name":"Promise Ebere","name":"Promise Ebere Okoroji","nickname":"promiseokoroji","picture":"https://lh3.googleusercontent.com/a/ACg8ocLUxEjRwHriWt9fsbm4T3GBmZVlvB9NHH2jTJwUuBxnqUzLMSQA=s96-c","sub":"google-oauth2|117680240846836452996","updated_at":"2024-07-25T01:11:46.716Z"},"_raw":"{\"sub\":\"google-oauth2|117680240846836452996\",\"email\":\"promiseokoroji@gmail.com\",\"email_verified\":true,\"given_name\":\"Promise Ebere\",\"family_name\":\"Okoroji\",\"nickname\":\"promiseokoroji\",\"name\":\"Promise Ebere Okoroji\",\"picture\":\"https://lh3.googleusercontent.com/a/ACg8ocLUxEjRwHriWt9fsbm4T3GBmZVlvB9NHH2jTJwUuBxnqUzLMSQA=s96-c\",\"updated_at\":\"2024-07-25T01:11:46.716Z\"}","displayName":"Promise Ebere Okoroji","emails":[{"value":"promiseokoroji@gmail.com"}],"id":"google-oauth2|117680240846836452996","name":{"familyName":"Okoroji","givenName":"Promise Ebere"},"nickname":"promiseokoroji","picture":"https://lh3.googleusercontent.com/a/ACg8ocLUxEjRwHriWt9fsbm4T3GBmZVlvB9NHH2jTJwUuBxnqUzLMSQA=s96-c","provider":"google-oauth2","user_id":"google-oauth2|117680240846836452996"}}
{"level":"warn","message":"404 error - Not Found","service":"user-service","timestamp":"2024-07-25T01:13:44.633Z","url":"/favicon.ico"}
{"level":"info","message":"Server is running at http://localhost:8000","service":"user-service","timestamp":"2024-07-25T01:29:27.014Z"}
{"level":"info","logoutURL":"https://dev-tzs0lx7nwyjjwvxb.us.auth0.com/v2/logout?client_id=F4p34yWvApnvt5Zc7Qqz20jxYPgw8jZN&returnTo=http%3A%2F%2Flocalhost%3A8000%2F","message":"User logged out","service":"auth-service"}
{"level":"info","message":"Login initiated","returnTo":"http://localhost:8000/","service":"auth-service"}
{"level":"info","message":"Existing user logged in","service":"auth-service","user":{"_json":{"email":"promiseokoroji@gmail.com","email_verified":true,"family_name":"Okoroji","given_name":"Promise Ebere","name":"Promise Ebere Okoroji","nickname":"promiseokoroji","picture":"https://lh3.googleusercontent.com/a/ACg8ocLUxEjRwHriWt9fsbm4T3GBmZVlvB9NHH2jTJwUuBxnqUzLMSQA=s96-c","sub":"google-oauth2|117680240846836452996","updated_at":"2024-07-25T01:31:13.744Z"},"_raw":"{\"sub\":\"google-oauth2|117680240846836452996\",\"email\":\"promiseokoroji@gmail.com\",\"email_verified\":true,\"given_name\":\"Promise Ebere\",\"family_name\":\"Okoroji\",\"nickname\":\"promiseokoroji\",\"name\":\"Promise Ebere Okoroji\",\"picture\":\"https://lh3.googleusercontent.com/a/ACg8ocLUxEjRwHriWt9fsbm4T3GBmZVlvB9NHH2jTJwUuBxnqUzLMSQA=s96-c\",\"updated_at\":\"2024-07-25T01:31:13.744Z\"}","displayName":"Promise Ebere Okoroji","emails":[{"value":"promiseokoroji@gmail.com"}],"id":"google-oauth2|117680240846836452996","name":{"familyName":"Okoroji","givenName":"Promise Ebere"},"nickname":"promiseokoroji","picture":"https://lh3.googleusercontent.com/a/ACg8ocLUxEjRwHriWt9fsbm4T3GBmZVlvB9NHH2jTJwUuBxnqUzLMSQA=s96-c","provider":"google-oauth2","user_id":"google-oauth2|117680240846836452996"}}
{"level":"info","message":"Login initiated","returnTo":"http://localhost:8000/heWhoShallNotBeNamed/user","service":"auth-service"}
{"level":"info","message":"Existing user logged in","service":"auth-service","user":{"_json":{"email":"promiseokoroji@gmail.com","email_verified":true,"family_name":"Okoroji","given_name":"Promise Ebere","name":"Promise Ebere Okoroji","nickname":"promiseokoroji","picture":"https://lh3.googleusercontent.com/a/ACg8ocLUxEjRwHriWt9fsbm4T3GBmZVlvB9NHH2jTJwUuBxnqUzLMSQA=s96-c","sub":"google-oauth2|117680240846836452996","updated_at":"2024-07-25T02:01:37.437Z"},"_raw":"{\"sub\":\"google-oauth2|117680240846836452996\",\"email\":\"promiseokoroji@gmail.com\",\"email_verified\":true,\"given_name\":\"Promise Ebere\",\"family_name\":\"Okoroji\",\"nickname\":\"promiseokoroji\",\"name\":\"Promise Ebere Okoroji\",\"picture\":\"https://lh3.googleusercontent.com/a/ACg8ocLUxEjRwHriWt9fsbm4T3GBmZVlvB9NHH2jTJwUuBxnqUzLMSQA=s96-c\",\"updated_at\":\"2024-07-25T02:01:37.437Z\"}","displayName":"Promise Ebere Okoroji","emails":[{"value":"promiseokoroji@gmail.com"}],"id":"google-oauth2|117680240846836452996","name":{"familyName":"Okoroji","givenName":"Promise Ebere"},"nickname":"promiseokoroji","picture":"https://lh3.googleusercontent.com/a/ACg8ocLUxEjRwHriWt9fsbm4T3GBmZVlvB9NHH2jTJwUuBxnqUzLMSQA=s96-c","provider":"google-oauth2","user_id":"google-oauth2|117680240846836452996"}}
{"level":"info","logoutURL":"https://dev-tzs0lx7nwyjjwvxb.us.auth0.com/v2/logout?client_id=F4p34yWvApnvt5Zc7Qqz20jxYPgw8jZN&returnTo=http%3A%2F%2Flocalhost%3A8000%2F","message":"User logged out","service":"auth-service"}
{"level":"info","message":"Login initiated","returnTo":"http://localhost:8000/profile/individual/promiseokoroji","service":"auth-service"}
{"level":"info","message":"Existing user logged in","service":"auth-service","user":{"_json":{"email":"promiseokoroji@gmail.com","email_verified":true,"family_name":"Okoroji","given_name":"Promise Ebere","name":"Promise Ebere Okoroji","nickname":"promiseokoroji","picture":"https://lh3.googleusercontent.com/a/ACg8ocLUxEjRwHriWt9fsbm4T3GBmZVlvB9NHH2jTJwUuBxnqUzLMSQA=s96-c","sub":"google-oauth2|117680240846836452996","updated_at":"2024-07-25T02:25:57.607Z"},"_raw":"{\"sub\":\"google-oauth2|117680240846836452996\",\"email\":\"promiseokoroji@gmail.com\",\"email_verified\":true,\"given_name\":\"Promise Ebere\",\"family_name\":\"Okoroji\",\"nickname\":\"promiseokoroji\",\"name\":\"Promise Ebere Okoroji\",\"picture\":\"https://lh3.googleusercontent.com/a/ACg8ocLUxEjRwHriWt9fsbm4T3GBmZVlvB9NHH2jTJwUuBxnqUzLMSQA=s96-c\",\"updated_at\":\"2024-07-25T02:25:57.607Z\"}","displayName":"Promise Ebere Okoroji","emails":[{"value":"promiseokoroji@gmail.com"}],"id":"google-oauth2|117680240846836452996","name":{"familyName":"Okoroji","givenName":"Promise Ebere"},"nickname":"promiseokoroji","picture":"https://lh3.googleusercontent.com/a/ACg8ocLUxEjRwHriWt9fsbm4T3GBmZVlvB9NHH2jTJwUuBxnqUzLMSQA=s96-c","provider":"google-oauth2","user_id":"google-oauth2|117680240846836452996"}}
{"level":"info","logoutURL":"https://dev-tzs0lx7nwyjjwvxb.us.auth0.com/v2/logout?client_id=F4p34yWvApnvt5Zc7Qqz20jxYPgw8jZN&returnTo=http%3A%2F%2Flocalhost%3A8000%2F","message":"User logged out","service":"auth-service"}
{"level":"info","message":"Login initiated","returnTo":"http://localhost:8000/profile/individual/promiseokoroji","service":"auth-service"}
{"level":"info","message":"Existing user logged in","service":"auth-service","user":{"_json":{"email":"promiseokoroji@gmail.com","email_verified":true,"family_name":"Okoroji","given_name":"Promise Ebere","name":"Promise Ebere Okoroji","nickname":"promiseokoroji","picture":"https://lh3.googleusercontent.com/a/ACg8ocLUxEjRwHriWt9fsbm4T3GBmZVlvB9NHH2jTJwUuBxnqUzLMSQA=s96-c","sub":"google-oauth2|117680240846836452996","updated_at":"2024-07-25T02:38:07.318Z"},"_raw":"{\"sub\":\"google-oauth2|117680240846836452996\",\"email\":\"promiseokoroji@gmail.com\",\"email_verified\":true,\"given_name\":\"Promise Ebere\",\"family_name\":\"Okoroji\",\"nickname\":\"promiseokoroji\",\"name\":\"Promise Ebere Okoroji\",\"picture\":\"https://lh3.googleusercontent.com/a/ACg8ocLUxEjRwHriWt9fsbm4T3GBmZVlvB9NHH2jTJwUuBxnqUzLMSQA=s96-c\",\"updated_at\":\"2024-07-25T02:38:07.318Z\"}","displayName":"Promise Ebere Okoroji","emails":[{"value":"promiseokoroji@gmail.com"}],"id":"google-oauth2|117680240846836452996","name":{"familyName":"Okoroji","givenName":"Promise Ebere"},"nickname":"promiseokoroji","picture":"https://lh3.googleusercontent.com/a/ACg8ocLUxEjRwHriWt9fsbm4T3GBmZVlvB9NHH2jTJwUuBxnqUzLMSQA=s96-c","provider":"google-oauth2","user_id":"google-oauth2|117680240846836452996"}}
{"level":"warn","message":"404 error - Not Found","service":"user-service","timestamp":"2024-07-25T02:41:43.437Z","url":"/delete-mentorship"}
{"level":"info","message":"Server is running at http://localhost:8000","service":"user-service","timestamp":"2024-07-25T21:26:43.142Z"}
{"level":"info","message":"Server is running at http://localhost:8000","service":"user-service","timestamp":"2024-07-25T21:31:25.221Z"}
{"level":"info","message":"Server is running at http://localhost:8000","service":"user-service","timestamp":"2024-07-25T21:31:42.782Z"}
{"level":"info","message":"Server is running at http://localhost:8000","service":"user-service","timestamp":"2024-07-25T21:34:05.903Z"}
{"level":"info","message":"Server is running at http://localhost:8000","service":"user-service","timestamp":"2024-07-25T21:34:10.267Z"}
{"level":"info","message":"Server is running at http://localhost:8000","service":"user-service","timestamp":"2024-07-25T21:34:11.489Z"}
{"level":"info","message":"Server is running at http://localhost:8000","service":"user-service","timestamp":"2024-07-25T21:34:19.595Z"}
{"level":"info","message":"Server is running at http://localhost:8000","service":"user-service","timestamp":"2024-07-25T21:34:42.499Z"}
{"level":"info","message":"Server is running at http://localhost:8000","service":"user-service","timestamp":"2024-07-25T21:34:46.743Z"}
{"level":"info","message":"Server is running at http://localhost:8000","service":"user-service","timestamp":"2024-07-25T21:34:48.594Z"}
{"level":"info","message":"Server is running at http://localhost:8000","service":"user-service","timestamp":"2024-07-25T21:34:50.333Z"}
{"level":"info","message":"Server is running at http://localhost:8000","service":"user-service","timestamp":"2024-07-25T21:34:51.628Z"}
{"level":"info","message":"Server is running at http://localhost:8000","service":"user-service","timestamp":"2024-07-25T21:34:52.729Z"}
{"level":"info","message":"Server is running at http://localhost:8000","service":"user-service","timestamp":"2024-07-25T21:34:56.181Z"}
{"level":"info","message":"Server is running at http://localhost:8000","service":"user-service","timestamp":"2024-07-25T21:34:57.583Z"}
{"level":"info","message":"Server is running at http://localhost:8000","service":"user-service","timestamp":"2024-07-25T21:35:02.311Z"}
{"level":"info","message":"Server is running at http://localhost:8000","service":"user-service","timestamp":"2024-07-25T21:35:04.721Z"}
{"level":"info","message":"Server is running at http://localhost:8000","service":"user-service","timestamp":"2024-07-25T21:35:07.613Z"}
{"level":"info","message":"Server is running at http://localhost:8000","service":"user-service","timestamp":"2024-07-25T21:35:10.604Z"}
{"level":"info","message":"Server is running at http://localhost:8000","service":"user-service","timestamp":"2024-07-25T21:35:11.738Z"}
{"level":"info","message":"Server is running at http://localhost:8000","service":"user-service","timestamp":"2024-07-25T21:35:14.441Z"}
{"level":"info","message":"Server is running at http://localhost:8000","service":"user-service","timestamp":"2024-07-25T21:35:17.583Z"}
{"level":"info","message":"Server is running at http://localhost:8000","service":"user-service","timestamp":"2024-07-25T21:35:20.880Z"}
{"level":"info","message":"Server is running at http://localhost:8000","service":"user-service","timestamp":"2024-07-25T21:35:28.363Z"}
{"level":"info","message":"Server is running at http://localhost:8000","service":"user-service","timestamp":"2024-07-25T21:35:30.826Z"}
{"level":"info","message":"Server is running at http://localhost:8000","service":"user-service","timestamp":"2024-07-25T21:35:34.604Z"}
{"level":"info","message":"Server is running at http://localhost:8000","service":"user-service","timestamp":"2024-07-25T21:36:02.316Z"}
{"level":"info","message":"Server is running at http://localhost:8000","service":"user-service","timestamp":"2024-07-25T21:36:06.984Z"}
{"level":"info","message":"Server is running at http://localhost:8000","service":"user-service","timestamp":"2024-07-25T21:36:10.468Z"}
{"level":"info","message":"Server is running at http://localhost:8000","service":"user-service","timestamp":"2024-07-25T21:36:16.544Z"}
{"level":"info","message":"Server is running at http://localhost:8000","service":"user-service","timestamp":"2024-07-25T21:36:17.832Z"}
{"level":"info","message":"Server is running at http://localhost:8000","service":"user-service","timestamp":"2024-07-25T21:36:22.338Z"}
{"level":"info","message":"Server is running at http://localhost:8000","service":"user-service","timestamp":"2024-07-25T21:36:27.073Z"}
{"level":"info","message":"Server is running at http://localhost:8000","service":"user-service","timestamp":"2024-07-25T21:36:30.980Z"}
{"level":"info","message":"Server is running at http://localhost:8000","service":"user-service","timestamp":"2024-07-25T21:36:35.426Z"}
{"level":"info","message":"Server is running at http://localhost:8000","service":"user-service","timestamp":"2024-07-25T21:36:45.159Z"}
{"level":"info","message":"Server is running at http://localhost:8000","service":"user-service","timestamp":"2024-07-25T21:36:48.663Z"}
{"level":"info","message":"Server is running at http://localhost:8000","service":"user-service","timestamp":"2024-07-25T21:36:50.715Z"}
{"level":"info","message":"Server is running at http://localhost:8000","service":"user-service","timestamp":"2024-07-25T21:37:01.531Z"}
{"level":"info","message":"Server is running at http://localhost:8000","service":"user-service","timestamp":"2024-07-25T21:37:04.197Z"}
{"level":"info","message":"Server is running at http://localhost:8000","service":"user-service","timestamp":"2024-07-25T21:37:07.622Z"}
{"level":"info","message":"Server is running at http://localhost:8000","service":"user-service","timestamp":"2024-07-25T21:40:08.840Z"}
{"level":"info","message":"Server is running at http://localhost:8000","service":"user-service","timestamp":"2024-07-25T21:40:17.228Z"}
{"level":"info","message":"Server is running at http://localhost:8000","service":"user-service","timestamp":"2024-07-25T21:40:18.910Z"}
{"level":"info","message":"Server is running at http://localhost:8000","service":"user-service","timestamp":"2024-07-25T21:40:21.437Z"}
{"level":"info","message":"Server is running at http://localhost:8000","service":"user-service","timestamp":"2024-07-25T21:40:23.815Z"}
{"level":"info","message":"Server is running at http://localhost:8000","service":"user-service","timestamp":"2024-07-25T21:41:52.784Z"}
{"level":"info","message":"Server is running at http://localhost:8000","service":"user-service","timestamp":"2024-07-25T21:42:48.621Z"}
{"level":"info","message":"Server is running at http://localhost:8000","service":"user-service","timestamp":"2024-07-25T21:53:28.073Z"}
{"level":"info","message":"Login initiated","returnTo":"/","service":"auth-service"}
{"level":"info","message":"Login initiated","returnTo":"http://localhost:8000/api-docs/","service":"auth-service"}
{"level":"info","message":"Login initiated","returnTo":"http://localhost:8000/api-docs/","service":"auth-service"}
